c:\users\zach\documents\cheetos\sources\ahhvh\pener sdk\release\vc141.pdb
c:\users\zach\documents\cheetos\sources\ahhvh\pener sdk\release\menu_init.obj
c:\users\zach\documents\cheetos\sources\ahhvh\pener sdk\release\menu_framework.obj
c:\users\zach\documents\cheetos\sources\ahhvh\pener sdk\release\menu_commands.obj
c:\users\zach\documents\cheetos\sources\ahhvh\pener sdk\release\main.obj
c:\users\zach\documents\cheetos\sources\ahhvh\pener sdk\release\visuals.obj
c:\users\zach\documents\cheetos\sources\ahhvh\pener sdk\release\showranks.obj
c:\users\zach\documents\cheetos\sources\ahhvh\pener sdk\release\resolver.obj
c:\users\zach\documents\cheetos\sources\ahhvh\pener sdk\release\movement.obj
c:\users\zach\documents\cheetos\sources\ahhvh\pener sdk\release\hitmarker.obj
c:\users\zach\documents\cheetos\sources\ahhvh\pener sdk\release\fakewalk.obj
c:\users\zach\documents\cheetos\sources\ahhvh\pener sdk\release\fakelag.obj
c:\users\zach\documents\cheetos\sources\ahhvh\pener sdk\release\extrapolation.obj
c:\users\zach\documents\cheetos\sources\ahhvh\pener sdk\release\eventlistener.obj
c:\users\zach\documents\cheetos\sources\ahhvh\pener sdk\release\enginepred.obj
c:\users\zach\documents\cheetos\sources\ahhvh\pener sdk\release\chams.obj
c:\users\zach\documents\cheetos\sources\ahhvh\pener sdk\release\backtracking.obj
c:\users\zach\documents\cheetos\sources\ahhvh\pener sdk\release\autowall.obj
c:\users\zach\documents\cheetos\sources\ahhvh\pener sdk\release\antiaim.obj
c:\users\zach\documents\cheetos\sources\ahhvh\pener sdk\release\animfix.obj
c:\users\zach\documents\cheetos\sources\ahhvh\pener sdk\release\aimbot.obj
c:\users\zach\documents\cheetos\sources\ahhvh\pener sdk\release\vmt.obj
c:\users\zach\documents\cheetos\sources\ahhvh\pener sdk\release\variables.obj
c:\users\zach\documents\cheetos\sources\ahhvh\pener sdk\release\spoofedconvar.obj
c:\users\zach\documents\cheetos\sources\ahhvh\pener sdk\release\render.obj
c:\users\zach\documents\cheetos\sources\ahhvh\pener sdk\release\offsets.obj
c:\users\zach\documents\cheetos\sources\ahhvh\pener sdk\release\netvarhookmanager.obj
c:\users\zach\documents\cheetos\sources\ahhvh\pener sdk\release\math.obj
c:\users\zach\documents\cheetos\sources\ahhvh\pener sdk\release\logging.obj
c:\users\zach\documents\cheetos\sources\ahhvh\pener sdk\release\interfaces.obj
c:\users\zach\documents\cheetos\sources\ahhvh\pener sdk\release\input_handler.obj
c:\users\zach\documents\cheetos\sources\ahhvh\pener sdk\release\hooks.obj
c:\users\zach\documents\cheetos\sources\ahhvh\pener sdk\release\general_utils.obj
c:\users\zach\documents\cheetos\sources\ahhvh\pener sdk\release\sdk.obj
c:\users\zach\documents\cheetos\sources\ahhvh\pener sdk\release\cglobalvars.obj
c:\users\zach\documents\cheetos\sources\ahhvh\pener sdk\release\menu_objects.obj
c:\users\zach\documents\cheetos\sources\ahhvh\release\pener sdk.dll
c:\users\zach\documents\cheetos\sources\ahhvh\release\pener sdk.ipdb
c:\users\zach\documents\cheetos\sources\ahhvh\release\pener sdk.iobj
c:\users\zach\documents\cheetos\sources\ahhvh\pener sdk\release\pener sdk.tlog\cl.command.1.tlog
c:\users\zach\documents\cheetos\sources\ahhvh\pener sdk\release\pener sdk.tlog\cl.read.1.tlog
c:\users\zach\documents\cheetos\sources\ahhvh\pener sdk\release\pener sdk.tlog\cl.write.1.tlog
c:\users\zach\documents\cheetos\sources\ahhvh\pener sdk\release\pener sdk.tlog\link.command.1.tlog
c:\users\zach\documents\cheetos\sources\ahhvh\pener sdk\release\pener sdk.tlog\link.read.1.tlog
c:\users\zach\documents\cheetos\sources\ahhvh\pener sdk\release\pener sdk.tlog\link.write.1.tlog
c:\users\zach\documents\cheetos\sources\ahhvh\pener sdk\release\pener sdk.tlog\pener sdk.write.1u.tlog
